<?xml version="1.0" encoding="UTF-8"?>
<testng-results skipped="0" failed="2" total="7" passed="5">
  <reporter-output>
  </reporter-output>
  <suite name="Suite" duration-ms="132988" started-at="2016-05-15T14:54:36Z" finished-at="2016-05-15T14:56:49Z">
    <groups>
    </groups>
    <test name="Test" duration-ms="132988" started-at="2016-05-15T14:54:36Z" finished-at="2016-05-15T14:56:49Z">
      <class name="SeleniumConcept.ReadDataFromNotepad">
        <test-method status="PASS" signature="readData()[pri:0, instance:SeleniumConcept.ReadDataFromNotepad@47fd17e3]" name="readData" duration-ms="110" started-at="2016-05-15T20:24:36Z" finished-at="2016-05-15T20:24:36Z">
          <reporter-output>
          </reporter-output>
        </test-method> <!-- readData -->
      </class> <!-- SeleniumConcept.ReadDataFromNotepad -->
      <class name="SeleniumConcept.WindowHandler_name">
        <test-method status="FAIL" signature="newTab()[pri:0, instance:SeleniumConcept.WindowHandler_name@2aafb23c]" name="newTab" duration-ms="20378" started-at="2016-05-15T20:26:29Z" finished-at="2016-05-15T20:26:49Z">
          <exception class="org.openqa.selenium.NoSuchWindowException">
            <message>
              <![CDATA[Unable to locate window "Sign in - Google Accounts"
Command duration or timeout: 2.36 seconds
Build info: version: '2.53.0', revision: '35ae25b', time: '2016-03-15 16:57:40'
System info: host: 'SonyVaio-VAIO', ip: '192.168.1.4', os.name: 'Windows 7', os.arch: 'amd64', os.version: '6.1', java.version: '1.8.0_45'
Driver info: org.openqa.selenium.firefox.FirefoxDriver
Capabilities [{applicationCacheEnabled=true, rotatable=false, handlesAlerts=true, databaseEnabled=true, version=46.0.1, platform=WINDOWS, nativeEvents=false, acceptSslCerts=true, webStorageEnabled=true, locationContextEnabled=true, browserName=firefox, takesScreenshot=true, javascriptEnabled=true, cssSelectorsEnabled=true}]
Session ID: 86af01e5-6bb3-4178-b251-b07eb2b29cc7]]>
            </message>
            <full-stacktrace>
              <![CDATA[org.openqa.selenium.NoSuchWindowException: Unable to locate window "Sign in - Google Accounts"
Command duration or timeout: 2.36 seconds
Build info: version: '2.53.0', revision: '35ae25b', time: '2016-03-15 16:57:40'
System info: host: 'SonyVaio-VAIO', ip: '192.168.1.4', os.name: 'Windows 7', os.arch: 'amd64', os.version: '6.1', java.version: '1.8.0_45'
Driver info: org.openqa.selenium.firefox.FirefoxDriver
Capabilities [{applicationCacheEnabled=true, rotatable=false, handlesAlerts=true, databaseEnabled=true, version=46.0.1, platform=WINDOWS, nativeEvents=false, acceptSslCerts=true, webStorageEnabled=true, locationContextEnabled=true, browserName=firefox, takesScreenshot=true, javascriptEnabled=true, cssSelectorsEnabled=true}]
Session ID: 86af01e5-6bb3-4178-b251-b07eb2b29cc7
	at sun.reflect.NativeConstructorAccessorImpl.newInstance0(Native Method)
	at sun.reflect.NativeConstructorAccessorImpl.newInstance(Unknown Source)
	at sun.reflect.DelegatingConstructorAccessorImpl.newInstance(Unknown Source)
	at java.lang.reflect.Constructor.newInstance(Unknown Source)
	at org.openqa.selenium.remote.ErrorHandler.createThrowable(ErrorHandler.java:206)
	at org.openqa.selenium.remote.ErrorHandler.throwIfResponseFailed(ErrorHandler.java:158)
	at org.openqa.selenium.remote.RemoteWebDriver.execute(RemoteWebDriver.java:678)
	at org.openqa.selenium.remote.RemoteWebDriver$RemoteTargetLocator.window(RemoteWebDriver.java:1015)
	at SeleniumConcept.WindowHandler_name.newTab(WindowHandler_name.java:28)
	at sun.reflect.NativeMethodAccessorImpl.invoke0(Native Method)
	at sun.reflect.NativeMethodAccessorImpl.invoke(Unknown Source)
	at sun.reflect.DelegatingMethodAccessorImpl.invoke(Unknown Source)
	at java.lang.reflect.Method.invoke(Unknown Source)
	at org.testng.internal.MethodInvocationHelper.invokeMethod(MethodInvocationHelper.java:85)
	at org.testng.internal.Invoker.invokeMethod(Invoker.java:639)
	at org.testng.internal.Invoker.invokeTestMethod(Invoker.java:816)
	at org.testng.internal.Invoker.invokeTestMethods(Invoker.java:1124)
	at org.testng.internal.TestMethodWorker.invokeTestMethods(TestMethodWorker.java:125)
	at org.testng.internal.TestMethodWorker.run(TestMethodWorker.java:108)
	at org.testng.TestRunner.privateRun(TestRunner.java:774)
	at org.testng.TestRunner.run(TestRunner.java:624)
	at org.testng.SuiteRunner.runTest(SuiteRunner.java:359)
	at org.testng.SuiteRunner.runSequentially(SuiteRunner.java:354)
	at org.testng.SuiteRunner.privateRun(SuiteRunner.java:312)
	at org.testng.SuiteRunner.run(SuiteRunner.java:261)
	at org.testng.SuiteRunnerWorker.runSuite(SuiteRunnerWorker.java:52)
	at org.testng.SuiteRunnerWorker.run(SuiteRunnerWorker.java:86)
	at org.testng.TestNG.runSuitesSequentially(TestNG.java:1215)
	at org.testng.TestNG.runSuitesLocally(TestNG.java:1140)
	at org.testng.TestNG.run(TestNG.java:1048)
	at org.testng.TestNG.privateMain(TestNG.java:1355)
	at org.testng.TestNG.main(TestNG.java:1324)
Caused by: org.openqa.selenium.NoSuchWindowException: Unable to locate window "Sign in - Google Accounts"
Build info: version: '2.53.0', revision: '35ae25b', time: '2016-03-15 16:57:40'
System info: host: 'SonyVaio-VAIO', ip: '192.168.1.4', os.name: 'Windows 7', os.arch: 'amd64', os.version: '6.1', java.version: '1.8.0_45'
Driver info: driver.version: unknown
	at <anonymous class>.nsCommandProcessor.prototype.switchToWindow(file:///C:/Users/SonyVaio/AppData/Local/Temp/anonymous8877032934553790509webdriver-profile/extensions/fxdriver@googlecode.com/components/command-processor.js:12753)
	at <anonymous class>.nsCommandProcessor.prototype.switchToWindow/<(file:///C:/Users/SonyVaio/AppData/Local/Temp/anonymous8877032934553790509webdriver-profile/extensions/fxdriver@googlecode.com/components/command-processor.js:12757)
]]>
            </full-stacktrace>
          </exception> <!-- org.openqa.selenium.NoSuchWindowException -->
          <reporter-output>
          </reporter-output>
        </test-method> <!-- newTab -->
      </class> <!-- SeleniumConcept.WindowHandler_name -->
      <class name="SeleniumConcept.ChangeDateFormate">
        <test-method status="PASS" signature="dateFormate()[pri:0, instance:SeleniumConcept.ChangeDateFormate@6fffcba5]" name="dateFormate" duration-ms="472" started-at="2016-05-15T20:25:52Z" finished-at="2016-05-15T20:25:52Z">
          <reporter-output>
          </reporter-output>
        </test-method> <!-- dateFormate -->
      </class> <!-- SeleniumConcept.ChangeDateFormate -->
      <class name="SeleniumConcept.DoubleClick">
        <test-method status="PASS" signature="doubleClick()[pri:0, instance:SeleniumConcept.DoubleClick@1ae369b7]" name="doubleClick" duration-ms="20536" started-at="2016-05-15T20:25:31Z" finished-at="2016-05-15T20:25:52Z">
          <reporter-output>
          </reporter-output>
        </test-method> <!-- doubleClick -->
      </class> <!-- SeleniumConcept.DoubleClick -->
      <class name="SeleniumConcept.DefaultFirefox">
        <test-method status="PASS" signature="defaultfirefox()[pri:0, instance:SeleniumConcept.DefaultFirefox@34340fab]" name="defaultfirefox" duration-ms="36482" started-at="2016-05-15T20:25:52Z" finished-at="2016-05-15T20:26:29Z">
          <reporter-output>
          </reporter-output>
        </test-method> <!-- defaultfirefox -->
      </class> <!-- SeleniumConcept.DefaultFirefox -->
      <class name="SeleniumConcept.Keyword_driven_repo">
        <test-method status="FAIL" signature="TestOR()[pri:0, instance:SeleniumConcept.Keyword_driven_repo@17d99928]" name="TestOR" duration-ms="1" started-at="2016-05-15T20:24:36Z" finished-at="2016-05-15T20:24:36Z">
          <exception class="java.io.FileNotFoundException">
            <message>
              <![CDATA[.Object_Repo.properties (The system cannot find the file specified)]]>
            </message>
            <full-stacktrace>
              <![CDATA[java.io.FileNotFoundException: .Object_Repo.properties (The system cannot find the file specified)
	at java.io.FileInputStream.open0(Native Method)
	at java.io.FileInputStream.open(Unknown Source)
	at java.io.FileInputStream.<init>(Unknown Source)
	at SeleniumConcept.Keyword_driven_repo.TestOR(Keyword_driven_repo.java:20)
	at sun.reflect.NativeMethodAccessorImpl.invoke0(Native Method)
	at sun.reflect.NativeMethodAccessorImpl.invoke(Unknown Source)
	at sun.reflect.DelegatingMethodAccessorImpl.invoke(Unknown Source)
	at java.lang.reflect.Method.invoke(Unknown Source)
	at org.testng.internal.MethodInvocationHelper.invokeMethod(MethodInvocationHelper.java:85)
	at org.testng.internal.Invoker.invokeMethod(Invoker.java:639)
	at org.testng.internal.Invoker.invokeTestMethod(Invoker.java:816)
	at org.testng.internal.Invoker.invokeTestMethods(Invoker.java:1124)
	at org.testng.internal.TestMethodWorker.invokeTestMethods(TestMethodWorker.java:125)
	at org.testng.internal.TestMethodWorker.run(TestMethodWorker.java:108)
	at org.testng.TestRunner.privateRun(TestRunner.java:774)
	at org.testng.TestRunner.run(TestRunner.java:624)
	at org.testng.SuiteRunner.runTest(SuiteRunner.java:359)
	at org.testng.SuiteRunner.runSequentially(SuiteRunner.java:354)
	at org.testng.SuiteRunner.privateRun(SuiteRunner.java:312)
	at org.testng.SuiteRunner.run(SuiteRunner.java:261)
	at org.testng.SuiteRunnerWorker.runSuite(SuiteRunnerWorker.java:52)
	at org.testng.SuiteRunnerWorker.run(SuiteRunnerWorker.java:86)
	at org.testng.TestNG.runSuitesSequentially(TestNG.java:1215)
	at org.testng.TestNG.runSuitesLocally(TestNG.java:1140)
	at org.testng.TestNG.run(TestNG.java:1048)
	at org.testng.TestNG.privateMain(TestNG.java:1355)
	at org.testng.TestNG.main(TestNG.java:1324)
]]>
            </full-stacktrace>
          </exception> <!-- java.io.FileNotFoundException -->
          <reporter-output>
          </reporter-output>
        </test-method> <!-- TestOR -->
      </class> <!-- SeleniumConcept.Keyword_driven_repo -->
      <class name="SeleniumConcept.OpenInNewTab">
        <test-method status="PASS" signature="newTab()[pri:0, instance:SeleniumConcept.OpenInNewTab@3834d63f]" name="newTab" duration-ms="54912" started-at="2016-05-15T20:24:36Z" finished-at="2016-05-15T20:25:31Z">
          <reporter-output>
          </reporter-output>
        </test-method> <!-- newTab -->
      </class> <!-- SeleniumConcept.OpenInNewTab -->
    </test> <!-- Test -->
  </suite> <!-- Suite -->
</testng-results>
